d:\documentos\master\tools script\mvdcinematics\engine\visual_studio\x64\debug\vc141.pdb
d:\documentos\master\tools script\mvdcinematics\engine\visual_studio\x64\debug\vc141.idb
d:\documentos\master\tools script\mvdcinematics\engine\visual_studio\x64\debug\scriptsystem.obj
d:\documentos\master\tools script\mvdcinematics\engine\visual_studio\x64\debug\parsers.obj
d:\documentos\master\tools script\mvdcinematics\engine\visual_studio\x64\debug\main.obj
d:\documentos\master\tools script\mvdcinematics\engine\visual_studio\x64\debug\linmath.obj
d:\documentos\master\tools script\mvdcinematics\engine\visual_studio\x64\debug\imgui_widgets.obj
d:\documentos\master\tools script\mvdcinematics\engine\visual_studio\x64\debug\imgui_impl_opengl3.obj
d:\documentos\master\tools script\mvdcinematics\engine\visual_studio\x64\debug\imgui_impl_glfw.obj
d:\documentos\master\tools script\mvdcinematics\engine\visual_studio\x64\debug\imgui_draw.obj
d:\documentos\master\tools script\mvdcinematics\engine\visual_studio\x64\debug\imgui_demo.obj
d:\documentos\master\tools script\mvdcinematics\engine\visual_studio\x64\debug\imgui.obj
d:\documentos\master\tools script\mvdcinematics\engine\visual_studio\x64\debug\guisystem.obj
d:\documentos\master\tools script\mvdcinematics\engine\visual_studio\x64\debug\graphicsutilities.obj
d:\documentos\master\tools script\mvdcinematics\engine\visual_studio\x64\debug\controlsystem.obj
d:\documentos\master\tools script\mvdcinematics\engine\visual_studio\x64\debug\graphicssystem.obj
d:\documentos\master\tools script\mvdcinematics\engine\visual_studio\x64\debug\game.obj
d:\documentos\master\tools script\mvdcinematics\engine\visual_studio\x64\debug\debugsystem.obj
d:\documentos\master\tools script\mvdcinematics\engine\visual_studio\x64\debug\curve.obj
d:\documentos\master\tools script\mvdcinematics\engine\visual_studio\x64\debug\collisionsystem.obj
d:\documentos\master\tools script\mvdcinematics\engine\visual_studio\x64\debug\camerasystem.obj
d:\documentos\master\tools script\mvdcinematics\engine\visual_studio\x64\debug\animationsystem.obj
d:\documentos\master\tools script\mvdcinematics\engine\visual_studio\x64\debug\viewtrack.obj
d:\documentos\master\tools script\mvdcinematics\engine\visual_studio\x64\debug\shader.obj
d:\documentos\master\tools script\mvdcinematics\engine\20-basicanimation.exe
d:\documentos\master\tools script\mvdcinematics\engine\20-basicanimation.ilk
d:\documentos\master\tools script\mvdcinematics\engine\20-basicanimation.pdb
d:\documentos\master\tools script\mvdcinematics\engine\visual_studio\..\20-basicanimation.exe
d:\documentos\master\tools script\mvdcinematics\engine\visual_studio\x64\debug\20-basic.8c38c4e6.tlog\cl.command.1.tlog
d:\documentos\master\tools script\mvdcinematics\engine\visual_studio\x64\debug\20-basic.8c38c4e6.tlog\cl.read.1.tlog
d:\documentos\master\tools script\mvdcinematics\engine\visual_studio\x64\debug\20-basic.8c38c4e6.tlog\cl.write.1.tlog
d:\documentos\master\tools script\mvdcinematics\engine\visual_studio\x64\debug\20-basic.8c38c4e6.tlog\link.command.1.tlog
d:\documentos\master\tools script\mvdcinematics\engine\visual_studio\x64\debug\20-basic.8c38c4e6.tlog\link.read.1.tlog
d:\documentos\master\tools script\mvdcinematics\engine\visual_studio\x64\debug\20-basic.8c38c4e6.tlog\link.write.1.tlog
